Log for:C:/shop/
# timestamp | duration | file | instruction | dir | modtime | etag | size | fileId | status | errorString | http result code | other size | other modtime | X-Request-ID
#=#=#=# Syncrun started 2025-08-08T07:47:49Z
#=#=#=#=# Propagation starts 2025-08-08T07:47:49Z (last step: 100 msec , total: 100 msec) 
2025-08-08T07:47:49+00:00 | HELP.md | CSyncEnums::CSYNC_INSTRUCTION_NEW | OCC::SyncFileItem::Up | | 1754443458 | 54ba909f347e2e2582f37b253a75a9a5 | 1725 | 00282779oci0n6765fou | OCC::SyncFileItem::Success |  | 201 | 0 | 0 | 7cc4a8ba-f4e4-48e4-8e08-f1c4b232b897 | 
2025-08-08T07:47:49+00:00 | mvnw | CSyncEnums::CSYNC_INSTRUCTION_NEW | OCC::SyncFileItem::Up | | 1754443442 | fe531f1a8a35bed7260b4e6c20d095cf | 10665 | 00282780oci0n6765fou | OCC::SyncFileItem::Success |  | 201 | 0 | 0 | 4dc934ef-a33e-4e72-9a47-f09530c610ff | 
2025-08-08T07:47:49+00:00 | mvnw.cmd | CSyncEnums::CSYNC_INSTRUCTION_NEW | OCC::SyncFileItem::Up | | 1754443442 | 327de9945ee5e527792cee5222d271aa | 6912 | 00282781oci0n6765fou | OCC::SyncFileItem::Success |  | 201 | 0 | 0 | 19a53053-ce28-48f3-8bbe-cbca06998151 | 
2025-08-08T07:47:49+00:00 | README.md | CSyncEnums::CSYNC_INSTRUCTION_NEW | OCC::SyncFileItem::Up | | 1754556262 | 134b44e75c8499e2ec7b89fa254f10e1 | 56 | 00282782oci0n6765fou | OCC::SyncFileItem::Success |  | 201 | 0 | 0 | b5825fe0-6a8c-4f1f-94fb-12dafc6cf383 | 
2025-08-08T07:47:49+00:00 | target/classes/application-dev.properties | CSyncEnums::CSYNC_INSTRUCTION_NEW | OCC::SyncFileItem::Up | | 1754630935 | ebe0f5f4289602c8aafc4825a6d30493 | 110 | 00282792oci0n6765fou | OCC::SyncFileItem::Success |  | 201 | 0 | 0 | ba6ef7e2-1cf7-440c-90e7-5a129c9cc152 | 
2025-08-08T07:47:50+00:00 | src/main/resources/application-dev.properties | CSyncEnums::CSYNC_INSTRUCTION_NEW | OCC::SyncFileItem::Up | | 1754630935 | da37b98f7bd4862a6b15bbbce341f416 | 110 | 00282806oci0n6765fou | OCC::SyncFileItem::Success |  | 201 | 0 | 0 | 375fdb5c-65a0-4d38-b79f-a40529cefaba | 
2025-08-08T07:47:50+00:00 | target/classes/static/css/layout1.css | CSyncEnums::CSYNC_INSTRUCTION_NEW | OCC::SyncFileItem::Up | | 1754543034 | d605e88e756114c4f7c8f7ffd1a71ace | 269 | 00282804oci0n6765fou | OCC::SyncFileItem::Success |  | 201 | 0 | 0 | f081118a-8391-4ae2-8d37-aeed4f5476c7 | 
2025-08-08T07:47:49+00:00 | target/classes/static/css | CSyncEnums::CSYNC_INSTRUCTION_NEW | OCC::SyncFileItem::Up | | 1754623528 |  | 0 | 00282794oci0n6765fou | OCC::SyncFileItem::Success |  | 201 | 0 | 0 | b2648a0d-866a-493b-b4dd-32eb6207092d | 
2025-08-08T07:47:49+00:00 | target/classes/static | CSyncEnums::CSYNC_INSTRUCTION_NEW | OCC::SyncFileItem::Up | | 1754623528 |  | 0 | 00282788oci0n6765fou | OCC::SyncFileItem::Success |  | 201 | 0 | 0 | 423ccdfd-490e-4335-b740-7226e6f846d5 | 
2025-08-08T07:47:50+00:00 | src/main/resources/application.properties | CSyncEnums::CSYNC_INSTRUCTION_NEW | OCC::SyncFileItem::Up | | 1754526492 | bbc89a1803eb531e5e5f0c23909497bd | 510 | 00282810oci0n6765fou | OCC::SyncFileItem::Success |  | 201 | 0 | 0 | 82d50fe6-f20f-4877-a999-ed40e90ed1a2 | 
2025-08-08T07:47:50+00:00 | src/main/resources/static/css/layout1.css | CSyncEnums::CSYNC_INSTRUCTION_NEW | OCC::SyncFileItem::Up | | 1754543034 | 91c9a2ea84b45f959455ea1c4ef7753c | 269 | 00282812oci0n6765fou | OCC::SyncFileItem::Success |  | 201 | 0 | 0 | 4c63f5b1-1983-48f8-8279-7637caa6c564 | 
2025-08-08T07:47:50+00:00 | src/main/resources/static/css | CSyncEnums::CSYNC_INSTRUCTION_NEW | OCC::SyncFileItem::Up | | 1754543034 |  | 0 | 00282805oci0n6765fou | OCC::SyncFileItem::Success |  | 201 | 0 | 0 | 80cfe268-f095-4825-9434-e4f9c6fa4030 | 
2025-08-08T07:47:50+00:00 | src/main/resources/static | CSyncEnums::CSYNC_INSTRUCTION_NEW | OCC::SyncFileItem::Up | | 1754542684 |  | 0 | 00282802oci0n6765fou | OCC::SyncFileItem::Success |  | 201 | 0 | 0 | 2ff63275-2213-41e8-8ebc-bdf5a6a4848e | 
2025-08-08T07:47:50+00:00 | src/main/resources/application-test.properties | CSyncEnums::CSYNC_INSTRUCTION_NEW | OCC::SyncFileItem::Up | | 1754448454 | 9d0b0accd62ab60d344ea01818d217ee | 215 | 00282808oci0n6765fou | OCC::SyncFileItem::Success |  | 201 | 0 | 0 | 904bdb17-0a08-468d-bfef-92b1010f4121 | 
2025-08-08T07:47:50+00:00 | src/main/resources/templates/fragments/footer.html | CSyncEnums::CSYNC_INSTRUCTION_NEW | OCC::SyncFileItem::Up | | 1754542449 | 98600e5744b7f89bda6b73ba2d45b4c3 | 334 | 00282813oci0n6765fou | OCC::SyncFileItem::Success |  | 201 | 0 | 0 | 9d3f4b0c-ba02-465c-a9a6-e7ceed87033c | 
2025-08-08T07:47:50+00:00 | src/main/resources/templates/fragments/header.html | CSyncEnums::CSYNC_INSTRUCTION_NEW | OCC::SyncFileItem::Up | | 1754538154 | d4c45673b3d8664b224bf5d5cfe9c9e5 | 2183 | 00282814oci0n6765fou | OCC::SyncFileItem::Success |  | 201 | 0 | 0 | d2ccc9f4-abb3-4d94-b1ca-ffabc5f17088 | 
2025-08-08T07:47:50+00:00 | src/main/resources/templates/fragments | CSyncEnums::CSYNC_INSTRUCTION_NEW | OCC::SyncFileItem::Up | | 1754542449 |  | 4096 | 00282809oci0n6765fou | OCC::SyncFileItem::Success |  | 201 | 0 | 0 | c41f4ce5-a6a8-43a3-bd9d-35ccd6792152 | 
2025-08-08T07:47:51+00:00 | src/main/java/com/codehows/shop/Dto/MemberFormDto.java | CSyncEnums::CSYNC_INSTRUCTION_NEW | OCC::SyncFileItem::Up | | 1754622765 | e6cc286142afa07896b3648ca7530685 | 972 | 00282821oci0n6765fou | OCC::SyncFileItem::Success |  | 201 | 0 | 0 | d58cd984-ddb2-4266-9e6d-3e1f635f49ac | 
2025-08-08T07:47:51+00:00 | src/main/java/com/codehows/shop/Dto/ItemDto.java | CSyncEnums::CSYNC_INSTRUCTION_NEW | OCC::SyncFileItem::Up | | 1754527806 | f7845fe14e79e5da6b471c309c5defc2 | 378 | 00282820oci0n6765fou | OCC::SyncFileItem::Success |  | 201 | 0 | 0 | 099fecef-96a9-4bf8-acec-9b5d77c24447 | 
2025-08-08T07:47:50+00:00 | src/main/java/com/codehows/shop/Dto | CSyncEnums::CSYNC_INSTRUCTION_NEW | OCC::SyncFileItem::Up | | 1754622765 |  | 0 | 00282815oci0n6765fou | OCC::SyncFileItem::Success |  | 201 | 0 | 0 | 2374854a-e260-41a3-9a21-45f8e72ecd10 | 
2025-08-08T07:47:51+00:00 | src/main/java/com/codehows/shop/controller/MainController.java | CSyncEnums::CSYNC_INSTRUCTION_NEW | OCC::SyncFileItem::Up | | 1754621325 | 56bf2ffa2c5b21caf8cf62c1e8659ee1 | 293 | 00282824oci0n6765fou | OCC::SyncFileItem::Success |  | 201 | 0 | 0 | 43029c97-10d4-4e21-ae57-c4c5b5fdcd4b | 
2025-08-08T07:47:51+00:00 | src/main/java/com/codehows/shop/constant/ItemSellStatus.java | CSyncEnums::CSYNC_INSTRUCTION_NEW | OCC::SyncFileItem::Up | | 1754445248 | 447e33095a98de072e8b6ad4d02b722e | 92 | 00282826oci0n6765fou | OCC::SyncFileItem::Success |  | 201 | 0 | 0 | ea6a41dd-b2d2-45c7-b50e-94d8db6fb384 | 
2025-08-08T07:47:51+00:00 | src/main/java/com/codehows/shop/constant/Role.java | CSyncEnums::CSYNC_INSTRUCTION_NEW | OCC::SyncFileItem::Up | | 1754548319 | cba4d62bc0b95f6f1e6cc790b998cdf6 | 79 | 00282825oci0n6765fou | OCC::SyncFileItem::Success |  | 201 | 0 | 0 | 3c234888-0c36-4b11-9283-10704326a5bb | 
2025-08-08T07:47:50+00:00 | src/main/java/com/codehows/shop/constant | CSyncEnums::CSYNC_INSTRUCTION_NEW | OCC::SyncFileItem::Up | | 1754548319 |  | 0 | 00282817oci0n6765fou | OCC::SyncFileItem::Success |  | 201 | 0 | 0 | ce2d86b1-82fc-471b-8191-f7621a2fafe6 | 
2025-08-08T07:47:51+00:00 | src/main/java/com/codehows/shop/controller/MemberController.java | CSyncEnums::CSYNC_INSTRUCTION_NEW | OCC::SyncFileItem::Up | | 1754639180 | 0ec19ba18403371294a47b005db4201c | 1911 | 00282827oci0n6765fou | OCC::SyncFileItem::Success |  | 201 | 0 | 0 | c5f3d039-cc2a-4d8b-8b5a-dcea1907b920 | 
2025-08-08T07:47:51+00:00 | src/main/java/com/codehows/shop/config/SecurityConfig.java | CSyncEnums::CSYNC_INSTRUCTION_NEW | OCC::SyncFileItem::Up | | 1754638001 | f7db59ea6bafbd434bdf06af13424214 | 1716 | 00282823oci0n6765fou | OCC::SyncFileItem::Success |  | 201 | 0 | 0 | 779e8dd9-520c-41be-9e04-5076eadb00ac | 
2025-08-08T07:47:50+00:00 | src/main/java/com/codehows/shop/config | CSyncEnums::CSYNC_INSTRUCTION_NEW | OCC::SyncFileItem::Up | | 1754638001 |  | 0 | 00282816oci0n6765fou | OCC::SyncFileItem::Success |  | 201 | 0 | 0 | b6181a2f-7233-4f8f-bfb0-134c5b50973b | 
2025-08-08T07:47:51+00:00 | src/main/java/com/codehows/shop/entity/Item.java | CSyncEnums::CSYNC_INSTRUCTION_NEW | OCC::SyncFileItem::Up | | 1754448382 | 41d795bde59faaa5c45d9326d9f4af7e | 898 | 00282830oci0n6765fou | OCC::SyncFileItem::Success |  | 201 | 0 | 0 | b1e62ce7-7a23-4406-b7e1-e836d237466b | 
2025-08-08T07:47:51+00:00 | src/main/java/com/codehows/shop/entity/Member.java | CSyncEnums::CSYNC_INSTRUCTION_NEW | OCC::SyncFileItem::Up | | 1754553750 | b1a04ceb2d18775e1c2bda087b844462 | 1247 | 00282829oci0n6765fou | OCC::SyncFileItem::Success |  | 201 | 0 | 0 | 5ce9e26b-b6a7-4298-9c9b-9c6414e80270 | 
2025-08-08T07:47:51+00:00 | src/main/java/com/codehows/shop/entity | CSyncEnums::CSYNC_INSTRUCTION_NEW | OCC::SyncFileItem::Up | | 1754553750 |  | 0 | 00282822oci0n6765fou | OCC::SyncFileItem::Success |  | 201 | 0 | 0 | 1941a471-8ffc-4d6a-bd3e-fd83ec594171 | 
2025-08-08T07:47:51+00:00 | src/main/java/com/codehows/shop/ShopApplication.java | CSyncEnums::CSYNC_INSTRUCTION_NEW | OCC::SyncFileItem::Up | | 1754443458 | c9cf551cb9a10b080a7ab089eb219e22 | 318 | 00282833oci0n6765fou | OCC::SyncFileItem::Success |  | 201 | 0 | 0 | b296a059-78e8-4364-a1c3-9a4b6bbfcff7 | 
2025-08-08T07:47:51+00:00 | src/main/java/com/codehows/shop/service/MemberService.java | CSyncEnums::CSYNC_INSTRUCTION_NEW | OCC::SyncFileItem::Up | | 1754632067 | 163d3b786c417c444fa4034f42badf5c | 1738 | 00282835oci0n6765fou | OCC::SyncFileItem::Success |  | 201 | 0 | 0 | 1e6cb569-8776-457f-b0f4-1e468da120ca | 
2025-08-08T07:47:51+00:00 | src/main/java/com/codehows/shop/service | CSyncEnums::CSYNC_INSTRUCTION_NEW | OCC::SyncFileItem::Up | | 1754632067 |  | 0 | 00282831oci0n6765fou | OCC::SyncFileItem::Success |  | 201 | 0 | 0 | 9d414237-a805-40a5-8bf0-2d7ff180479e | 
2025-08-08T07:47:52+00:00 | src/main/java/com/codehows/shop/repository/ItemRepository.java | CSyncEnums::CSYNC_INSTRUCTION_NEW | OCC::SyncFileItem::Up | | 1754465962 | b1214208e42b6a43e024a63630673ff8 | 1532 | 00282836oci0n6765fou | OCC::SyncFileItem::Success |  | 201 | 0 | 0 | 9cd6a4f8-99cb-4ba0-8b7a-197bea979d47 | 
2025-08-08T07:47:52+00:00 | src/main/java/com/codehows/shop/repository/MemberRepository.java | CSyncEnums::CSYNC_INSTRUCTION_NEW | OCC::SyncFileItem::Up | | 1754554186 | aad8e8c229c9cfc99ec44b67371d1aef | 262 | 00282840oci0n6765fou | OCC::SyncFileItem::Success |  | 201 | 0 | 0 | 21522562-896f-4c76-ad0d-4cb16eaf1ec6 | 
2025-08-08T07:47:51+00:00 | src/main/java/com/codehows/shop/repository | CSyncEnums::CSYNC_INSTRUCTION_NEW | OCC::SyncFileItem::Up | | 1754554186 |  | 4096 | 00282832oci0n6765fou | OCC::SyncFileItem::Success |  | 201 | 0 | 0 | eff22279-1031-4977-9756-ab3a7dba7a33 | 
2025-08-08T07:47:52+00:00 | src/main/resources/templates/layouts/layout1.html | CSyncEnums::CSYNC_INSTRUCTION_NEW | OCC::SyncFileItem::Up | | 1754618528 | ab6c9e26420d45f7a5b097b74b9e8012 | 979 | 00282838oci0n6765fou | OCC::SyncFileItem::Success |  | 201 | 0 | 0 | 88eeb4db-7a04-43fd-bf36-15262835b81c | 
2025-08-08T07:47:51+00:00 | src/main/resources/templates/layouts | CSyncEnums::CSYNC_INSTRUCTION_NEW | OCC::SyncFileItem::Up | | 1754618528 |  | 0 | 00282834oci0n6765fou | OCC::SyncFileItem::Success |  | 201 | 0 | 0 | 45ab4263-cc0a-4165-9cbd-6ff84574e592 | 
2025-08-08T07:47:52+00:00 | src/main/resources/templates/member/memberForm.html | CSyncEnums::CSYNC_INSTRUCTION_NEW | OCC::SyncFileItem::Up | | 1754638666 | dafce7985731ac6ccd142ff71299233b | 2471 | 00282841oci0n6765fou | OCC::SyncFileItem::Success |  | 201 | 0 | 0 | e02a11cc-8191-49e4-b3da-f8c10cfee87d | 
2025-08-08T07:47:51+00:00 | src/main/java/com/codehows/shop/controller/ThymeleafExCountroller.java | CSyncEnums::CSYNC_INSTRUCTION_NEW | OCC::SyncFileItem::Up | | 1754534586 | 7e6e0b602c0135ede7a4c70f43b3c42a | 2730 | 00282828oci0n6765fou | OCC::SyncFileItem::Success |  | 201 | 0 | 0 | 0c7f6041-4e78-40d7-bc0a-a789b3893583 | 
2025-08-08T07:47:50+00:00 | src/main/java/com/codehows/shop/controller | CSyncEnums::CSYNC_INSTRUCTION_NEW | OCC::SyncFileItem::Up | | 1754639180 |  | 4096 | 00282819oci0n6765fou | OCC::SyncFileItem::Success |  | 201 | 0 | 0 | 3f40e563-fb1c-48db-9e59-e613bf458534 | 
2025-08-08T07:47:50+00:00 | src/main/java/com/codehows/shop | CSyncEnums::CSYNC_INSTRUCTION_NEW | OCC::SyncFileItem::Up | | 1754553920 |  | 4096 | 00282811oci0n6765fou | OCC::SyncFileItem::Success |  | 201 | 0 | 0 | 4cceebe4-d423-4aba-bf19-b9cc4d3447f7 | 
2025-08-08T07:47:50+00:00 | src/main/java/com/codehows | CSyncEnums::CSYNC_INSTRUCTION_NEW | OCC::SyncFileItem::Up | | 1754542242 |  | 0 | 00282807oci0n6765fou | OCC::SyncFileItem::Success |  | 201 | 0 | 0 | 3edaa086-6e9b-41c4-8002-b11be5e1b505 | 
2025-08-08T07:47:50+00:00 | src/main/java/com | CSyncEnums::CSYNC_INSTRUCTION_NEW | OCC::SyncFileItem::Up | | 1754542242 |  | 0 | 00282801oci0n6765fou | OCC::SyncFileItem::Success |  | 201 | 0 | 0 | d2b9785f-ba07-475c-a088-04fec5cec041 | 
2025-08-08T07:47:49+00:00 | src/main/java | CSyncEnums::CSYNC_INSTRUCTION_NEW | OCC::SyncFileItem::Up | | 1754542242 |  | 0 | 00282796oci0n6765fou | OCC::SyncFileItem::Success |  | 201 | 0 | 0 | 98af8e81-c39d-4b48-a56d-48ed1e2f0bee | 
2025-08-08T07:47:52+00:00 | src/main/resources/templates/main.html | CSyncEnums::CSYNC_INSTRUCTION_NEW | OCC::SyncFileItem::Up | | 1754615517 | b9bc7ba0f79921b77d939753704174b5 | 265 | 00282842oci0n6765fou | OCC::SyncFileItem::Success |  | 201 | 0 | 0 | c7243bdb-bea0-4055-ba09-b3021454dd54 | 
2025-08-08T07:47:52+00:00 | src/main/resources/templates/thymeleafEx/ThymeleafEx02.html | CSyncEnums::CSYNC_INSTRUCTION_NEW | OCC::SyncFileItem::Up | | 1754527806 | 3f2cdaba9c8b8e65dbd402614a047932 | 578 | 00282844oci0n6765fou | OCC::SyncFileItem::Success |  | 201 | 0 | 0 | 9f01974d-e9ae-44d3-95a1-0d18a489b633 | 
2025-08-08T07:47:52+00:00 | src/main/resources/templates/thymeleafEx/ThymeleafEx04.html | CSyncEnums::CSYNC_INSTRUCTION_NEW | OCC::SyncFileItem::Up | | 1754529898 | 75c2d71eb26cdb9d2f9983eedd79dfc7 | 859 | 00282846oci0n6765fou | OCC::SyncFileItem::Success |  | 201 | 0 | 0 | 032d2dd4-c0f9-4b85-9e2e-488dfcc1b685 | 
2025-08-08T07:47:52+00:00 | src/main/resources/templates/thymeleafEx/ThymeleafEx01.html | CSyncEnums::CSYNC_INSTRUCTION_NEW | OCC::SyncFileItem::Up | | 1754468936 | 746a54b761578b11e2898b0bea12fa73 | 212 | 00282847oci0n6765fou | OCC::SyncFileItem::Success |  | 201 | 0 | 0 | fc96a66d-573e-4697-baee-d761f700858e | 
2025-08-08T07:47:52+00:00 | src/main/resources/templates/thymeleafEx/ThymeleafEx03.html | CSyncEnums::CSYNC_INSTRUCTION_NEW | OCC::SyncFileItem::Up | | 1754529594 | 27d06d3c29884304638f99241907bf50 | 869 | 00282845oci0n6765fou | OCC::SyncFileItem::Success |  | 201 | 0 | 0 | 74451b97-16a5-4358-bb7c-72f789ee91a4 | 
2025-08-08T07:47:52+00:00 | src/main/resources/templates/thymeleafEx/ThymeleafEx05-1.html | CSyncEnums::CSYNC_INSTRUCTION_NEW | OCC::SyncFileItem::Up | | 1754532606 | 157a5b84f7870d78ff5c59a93e1a0f93 | 558 | 00282848oci0n6765fou | OCC::SyncFileItem::Success |  | 201 | 0 | 0 | 6cf64137-eba9-4a59-ae1b-d986d22076fe | 
2025-08-08T07:47:52+00:00 | src/main/resources/templates/thymeleafEx/ThymeleafEx05.html | CSyncEnums::CSYNC_INSTRUCTION_NEW | OCC::SyncFileItem::Up | | 1754530372 | 19d1687f0e063612e349fc903c5ac62e | 889 | 00282849oci0n6765fou | OCC::SyncFileItem::Success |  | 201 | 0 | 0 | e329ca9b-67d1-425e-aa23-fc424509ad19 | 
2025-08-08T07:47:52+00:00 | src/main/resources/templates/thymeleafEx/ThymeleafEx07.html | CSyncEnums::CSYNC_INSTRUCTION_NEW | OCC::SyncFileItem::Up | | 1754535044 | 034901011b699d8dbf2e502f656694ed | 264 | 00282852oci0n6765fou | OCC::SyncFileItem::Success |  | 201 | 0 | 0 | b5c66092-ec87-4fa8-a241-1b1cadeff906 | 
2025-08-08T07:47:52+00:00 | src/main/resources/templates/thymeleafEx/ThymeleafEx06.html | CSyncEnums::CSYNC_INSTRUCTION_NEW | OCC::SyncFileItem::Up | | 1754532606 | 38c0d0b17171ad710ac8e23ca16a8ac9 | 247 | 00282853oci0n6765fou | OCC::SyncFileItem::Success |  | 201 | 0 | 0 | 62742904-bbbe-4609-b7b9-c8d167d66b8e | 
2025-08-08T07:47:52+00:00 | src/main/resources/templates/thymeleafEx | CSyncEnums::CSYNC_INSTRUCTION_NEW | OCC::SyncFileItem::Up | | 1754542242 |  | 4096 | 00282839oci0n6765fou | OCC::SyncFileItem::Success |  | 201 | 0 | 0 | 8683f510-5b0a-487d-b36d-cb046ce23b3b | 
2025-08-08T07:47:53+00:00 | src/test/java/com/codehows/shop/ShopApplicationTests.java | CSyncEnums::CSYNC_INSTRUCTION_NEW | OCC::SyncFileItem::Up | | 1754443458 | d59a6b2e00f5e55d7d7ae0702bccfb3e | 216 | 00282856oci0n6765fou | OCC::SyncFileItem::Success |  | 201 | 0 | 0 | 3ef76103-f4e9-4012-95cd-f566e690af3c | 
2025-08-08T07:47:53+00:00 | src/test/java/com/codehows/shop/service/MemberServiceTest.java | CSyncEnums::CSYNC_INSTRUCTION_NEW | OCC::SyncFileItem::Up | | 1754630589 | beb3cc920a4f30949a5b6629ffb4a210 | 3071 | 00282855oci0n6765fou | OCC::SyncFileItem::Success |  | 201 | 0 | 0 | 930b9cc3-7d4f-4e19-a1df-92d39ecb6eeb | 
2025-08-08T07:47:52+00:00 | src/test/java/com/codehows/shop/service | CSyncEnums::CSYNC_INSTRUCTION_NEW | OCC::SyncFileItem::Up | | 1754630589 |  | 0 | 00282851oci0n6765fou | OCC::SyncFileItem::Success |  | 201 | 0 | 0 | 9aa1c019-0827-4fee-b5e0-e4ff6fbcf28d | 
2025-08-08T07:47:53+00:00 | src/test/java/com/codehows/shop/repository/ItemRepositoryTest.java | CSyncEnums::CSYNC_INSTRUCTION_NEW | OCC::SyncFileItem::Up | | 1754466430 | 232f09bcb9be2c3da526375d597a4758 | 8838 | 00282854oci0n6765fou | OCC::SyncFileItem::Success |  | 201 | 0 | 0 | 8ad7a0fc-9e93-4830-8c25-f53020bfbace | 
2025-08-08T07:47:52+00:00 | src/test/java/com/codehows/shop/repository | CSyncEnums::CSYNC_INSTRUCTION_NEW | OCC::SyncFileItem::Up | | 1754542242 |  | 0 | 00282850oci0n6765fou | OCC::SyncFileItem::Success |  | 201 | 0 | 0 | aed0f779-0cb1-4e43-8da4-31bb828c5cf4 | 
2025-08-08T07:47:52+00:00 | src/test/java/com/codehows/shop | CSyncEnums::CSYNC_INSTRUCTION_NEW | OCC::SyncFileItem::Up | | 1754554497 |  | 0 | 00282843oci0n6765fou | OCC::SyncFileItem::Success |  | 201 | 0 | 0 | ef9612a1-4f39-48a8-9d0d-7a98629cdc33 | 
2025-08-08T07:47:50+00:00 | src/test/java/com/codehows | CSyncEnums::CSYNC_INSTRUCTION_NEW | OCC::SyncFileItem::Up | | 1754542242 |  | 0 | 00282818oci0n6765fou | OCC::SyncFileItem::Success |  | 201 | 0 | 0 | cab3ac4c-b9a1-45c2-b300-0f3e8f736060 | 
2025-08-08T07:47:50+00:00 | src/test/java/com | CSyncEnums::CSYNC_INSTRUCTION_NEW | OCC::SyncFileItem::Up | | 1754542242 |  | 0 | 00282800oci0n6765fou | OCC::SyncFileItem::Success |  | 201 | 0 | 0 | c66b1df2-0c2b-4eb0-a665-440c6b70e57b | 
2025-08-08T07:47:49+00:00 | src/test/java | CSyncEnums::CSYNC_INSTRUCTION_NEW | OCC::SyncFileItem::Up | | 1754542242 |  | 0 | 00282795oci0n6765fou | OCC::SyncFileItem::Success |  | 201 | 0 | 0 | 93ef1d1c-a441-4f19-bdd4-dd0f04d9acdb | 
2025-08-08T07:47:49+00:00 | src/test | CSyncEnums::CSYNC_INSTRUCTION_NEW | OCC::SyncFileItem::Up | | 1754542242 |  | 0 | 00282790oci0n6765fou | OCC::SyncFileItem::Success |  | 201 | 0 | 0 | fefd3e4d-d720-4143-a4a4-9ef407d575c6 | 
2025-08-08T07:47:53+00:00 | target/classes/templates/fragments/footer.html | CSyncEnums::CSYNC_INSTRUCTION_NEW | OCC::SyncFileItem::Up | | 1754542449 | 00cb595f6a079cd64dd8f8766356539f | 334 | 00282858oci0n6765fou | OCC::SyncFileItem::Success |  | 201 | 0 | 0 | fb8ae2c2-7453-4ecb-aef3-f82e2e1e8eee | 
2025-08-08T07:47:53+00:00 | target/classes/templates/fragments/header.html | CSyncEnums::CSYNC_INSTRUCTION_NEW | OCC::SyncFileItem::Up | | 1754538154 | 822e41846a6caa56abba4ade92344a88 | 2183 | 00282864oci0n6765fou | OCC::SyncFileItem::Success |  | 201 | 0 | 0 | fc82f804-27e2-4180-83ae-60ecd42be44e | 
2025-08-08T07:47:49+00:00 | target/classes/templates/fragments | CSyncEnums::CSYNC_INSTRUCTION_NEW | OCC::SyncFileItem::Up | | 1754623528 |  | 0 | 00282799oci0n6765fou | OCC::SyncFileItem::Success |  | 201 | 0 | 0 | 7dc4b616-acd6-4c89-b1fe-43805ac49ac5 | 
2025-08-08T07:47:52+00:00 | src/main/resources/templates/member/memberLoginForm.html | CSyncEnums::CSYNC_INSTRUCTION_NEW | OCC::SyncFileItem::Up | | 1754639180 | 29940feaf92c0f8ce6e879523851c0ad | 1559 | 00282862oci0n6765fou | OCC::SyncFileItem::Success |  | 201 | 0 | 0 | 8ea49785-b6b1-41ca-9308-d45400799d5f | 
2025-08-08T07:47:52+00:00 | src/main/resources/templates/member | CSyncEnums::CSYNC_INSTRUCTION_NEW | OCC::SyncFileItem::Up | | 1754639180 |  | 4096 | 00282837oci0n6765fou | OCC::SyncFileItem::Success |  | 201 | 0 | 0 | da566774-cd07-49b6-a02b-b690f342bbbe | 
2025-08-08T07:47:50+00:00 | src/main/resources/templates | CSyncEnums::CSYNC_INSTRUCTION_NEW | OCC::SyncFileItem::Up | | 1754615846 |  | 4096 | 00282803oci0n6765fou | OCC::SyncFileItem::Success |  | 201 | 0 | 0 | f72021c1-a7ec-4720-acf0-e276c45ee92f | 
2025-08-08T07:47:49+00:00 | src/main/resources | CSyncEnums::CSYNC_INSTRUCTION_NEW | OCC::SyncFileItem::Up | | 1754630935 |  | 4096 | 00282797oci0n6765fou | OCC::SyncFileItem::Success |  | 201 | 0 | 0 | d3594780-d017-4a14-a1ce-71419e571631 | 
2025-08-08T07:47:49+00:00 | src/main | CSyncEnums::CSYNC_INSTRUCTION_NEW | OCC::SyncFileItem::Up | | 1754542242 |  | 0 | 00282791oci0n6765fou | OCC::SyncFileItem::Success |  | 201 | 0 | 0 | 49063159-137a-4f20-9842-16ad5b14aa9a | 
2025-08-08T07:47:49+00:00 | src | CSyncEnums::CSYNC_INSTRUCTION_NEW | OCC::SyncFileItem::Up | | 1754542242 |  | 0 | 00282777oci0n6765fou | OCC::SyncFileItem::Success |  | 201 | 0 | 0 | 0feb59d2-4035-4933-bd5f-95680fe8e6c3 | 
2025-08-08T07:47:53+00:00 | target/classes/com/codehows/shop/Dto/MemberFormDto.class | CSyncEnums::CSYNC_INSTRUCTION_NEW | OCC::SyncFileItem::Up | | 1754623531 | e6a7bf0f9db191a641fd13366aafa2d6 | 2074 | 00282868oci0n6765fou | OCC::SyncFileItem::Success |  | 201 | 0 | 0 | 7c781283-836f-4cf1-af75-9b2894f14624 | 
2025-08-08T07:47:53+00:00 | target/classes/com/codehows/shop/constant/ItemSellStatus.class | CSyncEnums::CSYNC_INSTRUCTION_NEW | OCC::SyncFileItem::Up | | 1754623531 | 3496640dbd415e74185c7084e86fe92a | 1199 | 00282869oci0n6765fou | OCC::SyncFileItem::Success |  | 201 | 0 | 0 | ac10ce06-3fe2-4b1d-a66f-b2bf8d58c17e | 
2025-08-08T07:47:53+00:00 | target/classes/com/codehows/shop/controller/MainController.class | CSyncEnums::CSYNC_INSTRUCTION_NEW | OCC::SyncFileItem::Up | | 1754623531 | ed97835b60ead103bdb52bc589c258bf | 590 | 00282870oci0n6765fou | OCC::SyncFileItem::Success |  | 201 | 0 | 0 | bad8d25c-e7b2-4a46-a81a-5c7ee6e22ee1 | 
2025-08-08T07:47:53+00:00 | target/classes/com/codehows/shop/Dto/ItemDto.class | CSyncEnums::CSYNC_INSTRUCTION_NEW | OCC::SyncFileItem::Up | | 1754623531 | f3d1f25a298bfa7e8dd69b096c2596a9 | 2207 | 00282866oci0n6765fou | OCC::SyncFileItem::Success |  | 201 | 0 | 0 | 1d5a843e-7fc8-46e0-b9e7-d0f35db88969 | 
2025-08-08T07:47:53+00:00 | target/classes/com/codehows/shop/Dto | CSyncEnums::CSYNC_INSTRUCTION_NEW | OCC::SyncFileItem::Up | | 1754623531 |  | 0 | 00282861oci0n6765fou | OCC::SyncFileItem::Success |  | 201 | 0 | 0 | b886c5c4-341f-4c91-aa99-68eb0c42199c | 
2025-08-08T07:47:53+00:00 | target/classes/com/codehows/shop/controller/MemberController.class | CSyncEnums::CSYNC_INSTRUCTION_NEW | OCC::SyncFileItem::Up | | 1754637734 | 1bc10908e754f836b55b6872bc032eac | 2939 | 00282871oci0n6765fou | OCC::SyncFileItem::Success |  | 201 | 0 | 0 | 63b081b5-690f-4cbe-b142-548d3544733a | 
2025-08-08T07:47:53+00:00 | target/classes/com/codehows/shop/constant/Role.class | CSyncEnums::CSYNC_INSTRUCTION_NEW | OCC::SyncFileItem::Up | | 1754623531 | a783089464974184ae22f23e0d787c6e | 1126 | 00282872oci0n6765fou | OCC::SyncFileItem::Success |  | 201 | 0 | 0 | e9e152a1-5eb5-42e7-bd96-5fe43f9076b0 | 
2025-08-08T07:47:53+00:00 | target/classes/com/codehows/shop/constant | CSyncEnums::CSYNC_INSTRUCTION_NEW | OCC::SyncFileItem::Up | | 1754623531 |  | 0 | 00282863oci0n6765fou | OCC::SyncFileItem::Success |  | 201 | 0 | 0 | 0d8b649f-5160-4500-8e41-2b78b2a8185a | 
2025-08-08T07:47:53+00:00 | target/classes/com/codehows/shop/config/SecurityConfig.class | CSyncEnums::CSYNC_INSTRUCTION_NEW | OCC::SyncFileItem::Up | | 1754638003 | 0b1c52f256b6c33165afc6bebedd4c08 | 3496 | 00282874oci0n6765fou | OCC::SyncFileItem::Success |  | 201 | 0 | 0 | ea24f44b-ac2e-4c16-b6b0-5cd5f0bde934 | 
2025-08-08T07:47:53+00:00 | target/classes/com/codehows/shop/config | CSyncEnums::CSYNC_INSTRUCTION_NEW | OCC::SyncFileItem::Up | | 1754638003 |  | 0 | 00282867oci0n6765fou | OCC::SyncFileItem::Success |  | 201 | 0 | 0 | db36c588-7417-43b9-b727-86f55bddbf86 | 
2025-08-08T07:47:53+00:00 | target/classes/com/codehows/shop/controller/ThymeleafExCountroller.class | CSyncEnums::CSYNC_INSTRUCTION_NEW | OCC::SyncFileItem::Up | | 1754623531 | 1fdbf809af6ba7f28bfc80f0697f07b6 | 3795 | 00282875oci0n6765fou | OCC::SyncFileItem::Success |  | 201 | 0 | 0 | 2e87d172-d0ab-4ba9-b4ce-da15a2ddedda | 
2025-08-08T07:47:53+00:00 | target/classes/com/codehows/shop/controller | CSyncEnums::CSYNC_INSTRUCTION_NEW | OCC::SyncFileItem::Up | | 1754637734 |  | 4096 | 00282865oci0n6765fou | OCC::SyncFileItem::Success |  | 201 | 0 | 0 | 9ba6a2e0-1907-4552-8142-ab0f22ad712c | 
2025-08-08T07:47:54+00:00 | target/classes/com/codehows/shop/ShopApplication.class | CSyncEnums::CSYNC_INSTRUCTION_NEW | OCC::SyncFileItem::Up | | 1754623531 | 62d4a8b6ecdc7497f908b154fe941dbd | 735 | 00282877oci0n6765fou | OCC::SyncFileItem::Success |  | 201 | 0 | 0 | 8a47e958-dd80-48b0-b97c-535fa306e408 | 
2025-08-08T07:47:54+00:00 | target/classes/com/codehows/shop/entity/Member.class | CSyncEnums::CSYNC_INSTRUCTION_NEW | OCC::SyncFileItem::Up | | 1754623531 | 113d9bd833acdd6802f9088bc982512e | 3982 | 00282878oci0n6765fou | OCC::SyncFileItem::Success |  | 201 | 0 | 0 | a8e99d53-1b58-406e-9874-67126b200844 | 
2025-08-08T07:47:54+00:00 | target/classes/com/codehows/shop/entity/QItem.class | CSyncEnums::CSYNC_INSTRUCTION_NEW | OCC::SyncFileItem::Up | | 1754623531 | 89d3054bd9a7585e359da9a36b0f0291 | 3260 | 00282879oci0n6765fou | OCC::SyncFileItem::Success |  | 201 | 0 | 0 | 98e14396-006e-4097-b3ef-660a03fb0929 | 
2025-08-08T07:47:54+00:00 | target/classes/com/codehows/shop/entity/Item.class | CSyncEnums::CSYNC_INSTRUCTION_NEW | OCC::SyncFileItem::Up | | 1754623531 | 377d827698bf4e7c84f9f71b8ae2f734 | 3993 | 00282881oci0n6765fou | OCC::SyncFileItem::Success |  | 201 | 0 | 0 | d2baf559-6b07-4e05-80fb-856953f363ed | 
2025-08-08T07:47:53+00:00 | target/classes/com/codehows/shop/entity | CSyncEnums::CSYNC_INSTRUCTION_NEW | OCC::SyncFileItem::Up | | 1754623531 |  | 0 | 00282873oci0n6765fou | OCC::SyncFileItem::Success |  | 201 | 0 | 0 | b11527d9-6cc5-4023-9b81-b2978727db94 | 
2025-08-08T07:47:54+00:00 | target/classes/com/codehows/shop/service/MemberService.class | CSyncEnums::CSYNC_INSTRUCTION_NEW | OCC::SyncFileItem::Up | | 1754637734 | b0e510a7a6355c22d820114abfa8cc37 | 2785 | 00282880oci0n6765fou | OCC::SyncFileItem::Success |  | 201 | 0 | 0 | d9e7f5a7-bb29-47ff-9813-9d293b6b5936 | 
2025-08-08T07:47:54+00:00 | target/classes/com/codehows/shop/service | CSyncEnums::CSYNC_INSTRUCTION_NEW | OCC::SyncFileItem::Up | | 1754637734 |  | 0 | 00282876oci0n6765fou | OCC::SyncFileItem::Success |  | 201 | 0 | 0 | 5ba8cc4d-12b4-4eef-b704-8b0581feb656 | 
2025-08-08T07:47:54+00:00 | target/classes/templates/layouts/layout1.html | CSyncEnums::CSYNC_INSTRUCTION_NEW | OCC::SyncFileItem::Up | | 1754618528 | 941b52e70d3d478de1eadc88e900bbf4 | 979 | 00282882oci0n6765fou | OCC::SyncFileItem::Success |  | 201 | 0 | 0 | cd3c013a-1dc2-4f4b-8d18-b3f0c9364135 | 
2025-08-08T07:47:53+00:00 | target/classes/templates/layouts | CSyncEnums::CSYNC_INSTRUCTION_NEW | OCC::SyncFileItem::Up | | 1754623528 |  | 0 | 00282859oci0n6765fou | OCC::SyncFileItem::Success |  | 201 | 0 | 0 | 2f597656-6ca8-4498-be2c-5aa53a73beaa | 
2025-08-08T07:47:54+00:00 | target/classes/templates/member/memberLoginForm.html | CSyncEnums::CSYNC_INSTRUCTION_NEW | OCC::SyncFileItem::Up | | 1754638744 | f4d113a6fbccb4dbdfd32f6f0e5cb231 | 1302 | 00282883oci0n6765fou | OCC::SyncFileItem::Success |  | 201 | 0 | 0 | a6696bab-a667-4b08-82ef-9f03439f5bec | 
2025-08-08T07:47:54+00:00 | target/classes/application-test.properties | CSyncEnums::CSYNC_INSTRUCTION_NEW | OCC::SyncFileItem::Up | | 1754623528 | 0a15d3ad18e9e8451ebd35d946660ddc | 215 | 00282886oci0n6765fou | OCC::SyncFileItem::Success |  | 201 | 0 | 0 | 97718b30-4363-45dc-8cd4-9c44693126bd | 
2025-08-08T07:47:54+00:00 | target/classes/templates/main.html | CSyncEnums::CSYNC_INSTRUCTION_NEW | OCC::SyncFileItem::Up | | 1754615517 | 9ae1852fab7357b36c73026fbea65fb9 | 265 | 00282889oci0n6765fou | OCC::SyncFileItem::Success |  | 201 | 0 | 0 | 673b4a6f-5433-49d2-a133-9395d06c898e | 
2025-08-08T07:47:54+00:00 | target/classes/application.properties | CSyncEnums::CSYNC_INSTRUCTION_NEW | OCC::SyncFileItem::Up | | 1754623528 | 4fa8fd1f7bd32b8da621d69d21e30f29 | 510 | 00282888oci0n6765fou | OCC::SyncFileItem::Success |  | 201 | 0 | 0 | 2c6809f6-9f36-4892-b0e9-f5844a8cdc57 | 
2025-08-08T07:47:54+00:00 | target/classes/templates/member/memberForm.html | CSyncEnums::CSYNC_INSTRUCTION_NEW | OCC::SyncFileItem::Up | | 1754638666 | 4890eb164440060b672b224b09a9f11c | 2471 | 00282887oci0n6765fou | OCC::SyncFileItem::Success |  | 201 | 0 | 0 | ab506eff-5e22-4c3e-b147-0a370d297844 | 
2025-08-08T07:47:53+00:00 | target/classes/templates/member | CSyncEnums::CSYNC_INSTRUCTION_NEW | OCC::SyncFileItem::Up | | 1754638744 |  | 0 | 00282860oci0n6765fou | OCC::SyncFileItem::Success |  | 201 | 0 | 0 | 32256cb7-7e44-4668-a0c6-f373106c79ca | 
2025-08-08T07:47:54+00:00 | target/classes/templates/thymeleafEx/ThymeleafEx02.html | CSyncEnums::CSYNC_INSTRUCTION_NEW | OCC::SyncFileItem::Up | | 1754527806 | b15ca963820b5398d7043cc4d4d62bbd | 578 | 00282890oci0n6765fou | OCC::SyncFileItem::Success |  | 201 | 0 | 0 | a5ac86bb-f6cc-4364-83f2-e18e337606b2 | 
2025-08-08T07:47:54+00:00 | target/classes/templates/thymeleafEx/ThymeleafEx01.html | CSyncEnums::CSYNC_INSTRUCTION_NEW | OCC::SyncFileItem::Up | | 1754468936 | 95ef2566ebe3c8075f46c416ef3b170a | 212 | 00282891oci0n6765fou | OCC::SyncFileItem::Success |  | 201 | 0 | 0 | 5b877d02-8da7-413b-b09c-134ef869dc3c | 
2025-08-08T07:47:54+00:00 | target/classes/templates/thymeleafEx/ThymeleafEx04.html | CSyncEnums::CSYNC_INSTRUCTION_NEW | OCC::SyncFileItem::Up | | 1754529898 | ee880ad98d6814bb10df3d07088d83f4 | 859 | 00282892oci0n6765fou | OCC::SyncFileItem::Success |  | 201 | 0 | 0 | 6200802b-77c3-4ad1-b1d6-1796654fad0f | 
2025-08-08T07:47:54+00:00 | target/classes/templates/thymeleafEx/ThymeleafEx05-1.html | CSyncEnums::CSYNC_INSTRUCTION_NEW | OCC::SyncFileItem::Up | | 1754532606 | 9ae1df633a84d7878655bf129f7e8811 | 558 | 00282894oci0n6765fou | OCC::SyncFileItem::Success |  | 201 | 0 | 0 | 8e6ac0d7-7da4-4218-8abd-03ba49151bc2 | 
2025-08-08T07:47:55+00:00 | target/classes/templates/thymeleafEx/ThymeleafEx06.html | CSyncEnums::CSYNC_INSTRUCTION_NEW | OCC::SyncFileItem::Up | | 1754532606 | 5580a249030489690803aeb5bf559d81 | 247 | 00282895oci0n6765fou | OCC::SyncFileItem::Success |  | 201 | 0 | 0 | 184f982b-726a-4774-918c-73ec4c9cc6f0 | 
2025-08-08T07:47:54+00:00 | target/classes/templates/thymeleafEx/ThymeleafEx05.html | CSyncEnums::CSYNC_INSTRUCTION_NEW | OCC::SyncFileItem::Up | | 1754530372 | 1e038eb8e8db09e22e1d17208b781d40 | 889 | 00282896oci0n6765fou | OCC::SyncFileItem::Success |  | 201 | 0 | 0 | 4ebe8b80-8d3e-4204-8352-568a1e75afbd | 
2025-08-08T07:47:55+00:00 | target/classes/templates/thymeleafEx/ThymeleafEx07.html | CSyncEnums::CSYNC_INSTRUCTION_NEW | OCC::SyncFileItem::Up | | 1754535044 | afbd22c056219c83a5a342a00b9cfcd9 | 264 | 00282897oci0n6765fou | OCC::SyncFileItem::Success |  | 201 | 0 | 0 | 871e6bd7-fb6e-43b7-ab59-92ffaa5acd4b | 
2025-08-08T07:47:55+00:00 | target/generated-sources/annotations | CSyncEnums::CSYNC_INSTRUCTION_NEW | OCC::SyncFileItem::Up | | 1754461024 |  | 0 | 00282898oci0n6765fou | OCC::SyncFileItem::Success |  | 201 | 0 | 0 | 20579faf-8cfd-4f5c-9dbf-2a6e0819d60d | 
2025-08-08T07:47:55+00:00 | target/generated-test-sources/test-annotations | CSyncEnums::CSYNC_INSTRUCTION_NEW | OCC::SyncFileItem::Up | | 1754461490 |  | 0 | 00282900oci0n6765fou | OCC::SyncFileItem::Success |  | 201 | 0 | 0 | 132dec23-8382-46b0-ac4c-064a4499c679 | 
2025-08-08T07:47:49+00:00 | target/generated-test-sources | CSyncEnums::CSYNC_INSTRUCTION_NEW | OCC::SyncFileItem::Up | | 1754542243 |  | 0 | 00282785oci0n6765fou | OCC::SyncFileItem::Success |  | 201 | 0 | 0 | c487de2d-c2a8-43ca-9a3f-8394c15d2f28 | 
2025-08-08T07:47:55+00:00 | target/classes/com/codehows/shop/repository/ItemRepository.class | CSyncEnums::CSYNC_INSTRUCTION_NEW | OCC::SyncFileItem::Up | | 1754623531 | 0abfcf1e2013956da69ef61b33a33559 | 1880 | 00282902oci0n6765fou | OCC::SyncFileItem::Success |  | 201 | 0 | 0 | b8bcd411-a9a7-4c01-90d8-62517973f3c7 | 
2025-08-08T07:47:55+00:00 | pom.xml | CSyncEnums::CSYNC_INSTRUCTION_NEW | OCC::SyncFileItem::Up | | 1754622219 |  | 5666 |  | OCC::SyncFileItem::NormalError | 서버 응답: "500 Internal Server Error" - "PUT http://222.119.100.81/owncloud/remote.php/dav/files/asdf/springboot/pom.xml" | 500 | 0 | 0 | cd9e4af3-2f31-4782-a1ca-3954eb04b4b4 | 
2025-08-08T07:47:55+00:00 | target/classes/com/codehows/shop/repository/MemberRepository.class | CSyncEnums::CSYNC_INSTRUCTION_NEW | OCC::SyncFileItem::Up | | 1754623531 | db648a1a8c4138366a7eac753c4ca4a5 | 466 | 00282903oci0n6765fou | OCC::SyncFileItem::Success |  | 201 | 0 | 0 | 054caefa-116c-4f54-a14a-fea5527218d4 | 
2025-08-08T07:47:53+00:00 | target/classes/com/codehows/shop/repository | CSyncEnums::CSYNC_INSTRUCTION_NEW | OCC::SyncFileItem::Up | | 1754623531 |  | 0 | 00282885oci0n6765fou | OCC::SyncFileItem::Success |  | 201 | 0 | 0 | f3607041-4483-48da-804a-18447c122262 | 
2025-08-08T07:47:53+00:00 | target/classes/com/codehows/shop | CSyncEnums::CSYNC_INSTRUCTION_NEW | OCC::SyncFileItem::Up | | 1754638003 |  | 4096 | 00282857oci0n6765fou | OCC::SyncFileItem::Success |  | 201 | 0 | 0 | a823e336-90e7-444b-b1aa-c8ca795be32d | 
2025-08-08T07:47:49+00:00 | target/classes/com/codehows | CSyncEnums::CSYNC_INSTRUCTION_NEW | OCC::SyncFileItem::Up | | 1754623531 |  | 0 | 00282798oci0n6765fou | OCC::SyncFileItem::Success |  | 201 | 0 | 0 | 537ad5f2-2dd8-4b96-b2d0-a856687ff084 | 
2025-08-08T07:47:49+00:00 | target/classes/com | CSyncEnums::CSYNC_INSTRUCTION_NEW | OCC::SyncFileItem::Up | | 1754623531 |  | 0 | 00282789oci0n6765fou | OCC::SyncFileItem::Success |  | 201 | 0 | 0 | 9537a246-b515-4fe7-a687-0fc426de8d1b | 
2025-08-08T07:47:54+00:00 | target/classes/templates/thymeleafEx/ThymeleafEx03.html | CSyncEnums::CSYNC_INSTRUCTION_NEW | OCC::SyncFileItem::Up | | 1754529594 | 8e2ef6a66ffedabfad69e2d3e7c58edf | 869 | 00282893oci0n6765fou | OCC::SyncFileItem::Success |  | 201 | 0 | 0 | ffe48507-bb0c-4cbd-92d3-fca441c03b1a | 
2025-08-08T07:47:54+00:00 | target/classes/templates/thymeleafEx | CSyncEnums::CSYNC_INSTRUCTION_NEW | OCC::SyncFileItem::Up | | 1754623528 |  | 4096 | 00282884oci0n6765fou | OCC::SyncFileItem::Success |  | 201 | 0 | 0 | cd3d7606-e5cf-4915-8645-14a789d4ebb9 | 
2025-08-08T07:47:49+00:00 | target/classes/templates | CSyncEnums::CSYNC_INSTRUCTION_NEW | OCC::SyncFileItem::Up | | 1754630935 |  | 4096 | 00282793oci0n6765fou | OCC::SyncFileItem::Success |  | 201 | 0 | 0 | 87fa55a1-269d-4f78-bf72-ed75a45737e5 | 
2025-08-08T07:47:49+00:00 | target/classes | CSyncEnums::CSYNC_INSTRUCTION_NEW | OCC::SyncFileItem::Up | | 1754630935 |  | 4096 | 00282783oci0n6765fou | OCC::SyncFileItem::Success |  | 201 | 0 | 0 | 3d93d462-b737-4af9-a04e-484eeffed3b6 | 
2025-08-08T07:47:55+00:00 | target/maven-status/maven-compiler-plugin/compile/default-compile/inputFiles.lst | CSyncEnums::CSYNC_INSTRUCTION_NEW | OCC::SyncFileItem::Up | | 1754461024 | 895833cf8fd6d2c0b0aa42bc2732ad50 | 337 | 00282913oci0n6765fou | OCC::SyncFileItem::Success |  | 201 | 0 | 0 | 095f9169-fe8d-4ebf-a686-083c6cf455f1 | 
2025-08-08T07:47:55+00:00 | target/maven-status/maven-compiler-plugin/compile/default-compile/createdFiles.lst | CSyncEnums::CSYNC_INSTRUCTION_NEW | OCC::SyncFileItem::Up | | 1754461024 | 9ed76d47d361d4c54fc647aa06efacf8 | 211 | 00282912oci0n6765fou | OCC::SyncFileItem::Success |  | 201 | 0 | 0 | cf749c16-45ea-4bc7-8ef7-957075f04f38 | 
2025-08-08T07:47:55+00:00 | target/maven-status/maven-compiler-plugin/compile/default-compile | CSyncEnums::CSYNC_INSTRUCTION_NEW | OCC::SyncFileItem::Up | | 1754542243 |  | 0 | 00282909oci0n6765fou | OCC::SyncFileItem::Success |  | 201 | 0 | 0 | 22a871bf-8e7a-43a3-8db4-0c4a87da30dc | 
2025-08-08T07:47:55+00:00 | target/maven-status/maven-compiler-plugin/compile | CSyncEnums::CSYNC_INSTRUCTION_NEW | OCC::SyncFileItem::Up | | 1754542243 |  | 0 | 00282906oci0n6765fou | OCC::SyncFileItem::Success |  | 201 | 0 | 0 | 43338ddf-bd73-402e-b5d3-ceb2963b0ffc | 
2025-08-08T07:47:55+00:00 | target/maven-status/maven-compiler-plugin | CSyncEnums::CSYNC_INSTRUCTION_NEW | OCC::SyncFileItem::Up | | 1754542243 |  | 0 | 00282901oci0n6765fou | OCC::SyncFileItem::Success |  | 201 | 0 | 0 | b786f5a0-11ee-47d0-acad-408d8e1fc50a | 
2025-08-08T07:47:49+00:00 | target/maven-status | CSyncEnums::CSYNC_INSTRUCTION_NEW | OCC::SyncFileItem::Up | | 1754542243 |  | 0 | 00282786oci0n6765fou | OCC::SyncFileItem::Success |  | 201 | 0 | 0 | 2dccd11b-a346-423c-8ebd-4e4ea0263b08 | 
2025-08-08T07:47:55+00:00 | target/test-classes/com/codehows/shop/ShopApplicationTests.class | CSyncEnums::CSYNC_INSTRUCTION_NEW | OCC::SyncFileItem::Up | | 1754630596 | f6072197ab98dce8b66e9942c8871d4f | 533 | 00282917oci0n6765fou | OCC::SyncFileItem::Success |  | 201 | 0 | 0 | b74358cb-f204-4e60-93f5-4a6fc5561605 | 
2025-08-08T07:47:56+00:00 | target/test-classes/com/codehows/shop/service/MemberServiceTest.class | CSyncEnums::CSYNC_INSTRUCTION_NEW | OCC::SyncFileItem::Up | | 1754637749 | 2af0a4beb44f2f8f05e6ae3645583645 | 3170 | 00282918oci0n6765fou | OCC::SyncFileItem::Success |  | 201 | 0 | 0 | ef254de6-b91d-467b-8f4a-ad7c8e7bcd8b | 
2025-08-08T07:47:55+00:00 | target/test-classes/com/codehows/shop/service | CSyncEnums::CSYNC_INSTRUCTION_NEW | OCC::SyncFileItem::Up | | 1754637749 |  | 0 | 00282914oci0n6765fou | OCC::SyncFileItem::Success |  | 201 | 0 | 0 | be2fcd49-501a-466c-a43d-8537e7441fdc | 
2025-08-08T07:47:56+00:00 | target/test-classes/com/codehows/shop/repository/ItemRepositoryTest.class | CSyncEnums::CSYNC_INSTRUCTION_NEW | OCC::SyncFileItem::Up | | 1754630596 | a82191cfce1cd1a34a0f5c00cafa04c9 | 10064 | 00282919oci0n6765fou | OCC::SyncFileItem::Success |  | 201 | 0 | 0 | 9bfa044a-e6a9-471a-a0c4-d693e7c5c143 | 
2025-08-08T07:47:55+00:00 | target/test-classes/com/codehows/shop/repository | CSyncEnums::CSYNC_INSTRUCTION_NEW | OCC::SyncFileItem::Up | | 1754630596 |  | 0 | 00282915oci0n6765fou | OCC::SyncFileItem::Success |  | 201 | 0 | 0 | 8cb11026-d470-4b1b-9f7d-9adbcfe70f24 | 
2025-08-08T07:47:55+00:00 | target/test-classes/com/codehows/shop | CSyncEnums::CSYNC_INSTRUCTION_NEW | OCC::SyncFileItem::Up | | 1754637749 |  | 0 | 00282910oci0n6765fou | OCC::SyncFileItem::Success |  | 201 | 0 | 0 | 377de6f1-0833-47fa-a4bd-95c0ded9789f | 
2025-08-08T07:47:55+00:00 | target/test-classes/com/codehows | CSyncEnums::CSYNC_INSTRUCTION_NEW | OCC::SyncFileItem::Up | | 1754630596 |  | 0 | 00282907oci0n6765fou | OCC::SyncFileItem::Success |  | 201 | 0 | 0 | 789d1aaf-9c87-4f40-896a-e150d14b58f4 | 
2025-08-08T07:47:55+00:00 | target/test-classes/com | CSyncEnums::CSYNC_INSTRUCTION_NEW | OCC::SyncFileItem::Up | | 1754630596 |  | 0 | 00282904oci0n6765fou | OCC::SyncFileItem::Success |  | 201 | 0 | 0 | 80c94d5d-f5aa-4f95-a38d-b68f19417546 | 
2025-08-08T07:47:49+00:00 | target/test-classes | CSyncEnums::CSYNC_INSTRUCTION_NEW | OCC::SyncFileItem::Up | | 1754630596 |  | 0 | 00282787oci0n6765fou | OCC::SyncFileItem::Success |  | 201 | 0 | 0 | 73d7da35-9b1f-4e8e-9e05-d977386ac838 | 
2025-08-08T07:47:56+00:00 | target/generated-sources/java/com/codehows/shop/entity/QItem.java | CSyncEnums::CSYNC_INSTRUCTION_NEW | OCC::SyncFileItem::Up | | 1754461024 | 3b89d0b72203242e5e6ebea0fb6a1e77 | 1688 | 00282920oci0n6765fou | OCC::SyncFileItem::Success |  | 201 | 0 | 0 | ae1dfacf-da43-4f78-b9d2-982668258049 | 
2025-08-08T07:47:56+00:00 | target/generated-sources/java/com/codehows/shop/entity | CSyncEnums::CSYNC_INSTRUCTION_NEW | OCC::SyncFileItem::Up | | 1754542243 |  | 0 | 00282916oci0n6765fou | OCC::SyncFileItem::Success |  | 201 | 0 | 0 | 6aa2a7e0-07cd-466b-864d-853d8df34795 | 
2025-08-08T07:47:55+00:00 | target/generated-sources/java/com/codehows/shop | CSyncEnums::CSYNC_INSTRUCTION_NEW | OCC::SyncFileItem::Up | | 1754542243 |  | 0 | 00282911oci0n6765fou | OCC::SyncFileItem::Success |  | 201 | 0 | 0 | fe8d4910-6f50-468d-9f21-524700251fe8 | 
2025-08-08T07:47:55+00:00 | target/generated-sources/java/com/codehows | CSyncEnums::CSYNC_INSTRUCTION_NEW | OCC::SyncFileItem::Up | | 1754542243 |  | 0 | 00282908oci0n6765fou | OCC::SyncFileItem::Success |  | 201 | 0 | 0 | f63b5de6-f1a7-45cf-be6e-bae553e43805 | 
2025-08-08T07:47:55+00:00 | target/generated-sources/java/com | CSyncEnums::CSYNC_INSTRUCTION_NEW | OCC::SyncFileItem::Up | | 1754542243 |  | 0 | 00282905oci0n6765fou | OCC::SyncFileItem::Success |  | 201 | 0 | 0 | 2b01d632-1ba5-440a-ac1a-6bb154a1a999 | 
2025-08-08T07:47:55+00:00 | target/generated-sources/java | CSyncEnums::CSYNC_INSTRUCTION_NEW | OCC::SyncFileItem::Up | | 1754542243 |  | 0 | 00282899oci0n6765fou | OCC::SyncFileItem::Success |  | 201 | 0 | 0 | 46d4ef68-2113-405e-8885-412d9ae367b9 | 
2025-08-08T07:47:49+00:00 | target/generated-sources | CSyncEnums::CSYNC_INSTRUCTION_NEW | OCC::SyncFileItem::Up | | 1754542243 |  | 0 | 00282784oci0n6765fou | OCC::SyncFileItem::Success |  | 201 | 0 | 0 | 6c880a47-c38e-4adc-83ac-8c39fa667f15 | 
2025-08-08T07:47:49+00:00 | target | CSyncEnums::CSYNC_INSTRUCTION_NEW | OCC::SyncFileItem::Up | | 1754542243 |  | 4096 | 00282778oci0n6765fou | OCC::SyncFileItem::Success |  | 201 | 0 | 0 | 8abaa39d-8143-4f40-8215-0196e72ea9b8 | 
#=#=#=# Syncrun finished 2025-08-08T07:47:56Z (last step: 7152 msec , total: 7252 msec) 
#=#=#=# Syncrun started 2025-08-08T07:47:58Z
#=#=#=#=# Propagation starts 2025-08-08T07:47:59Z (last step: 1230 msec , total: 1230 msec) 
#=#=#=# Syncrun finished 2025-08-08T07:47:59Z (last step: 57 msec , total: 1287 msec) 
#=#=#=# Syncrun started 2025-08-08T07:48:38Z
#=#=#=#=# Propagation starts 2025-08-08T07:48:38Z (last step: 100 msec , total: 100 msec) 
2025-08-08T07:48:38+00:00 | pom.xml | CSyncEnums::CSYNC_INSTRUCTION_NEW | OCC::SyncFileItem::Up | | 1754622219 |  | 5666 |  | OCC::SyncFileItem::BlacklistedError | 서버 응답: "500 Internal Server Error" - "PUT http://222.119.100.81/owncloud/remote.php/dav/files/asdf/springboot/pom.xml" | 500 | 0 | 0 | 44c5cdef-1966-4517-885b-5ebdc81cd35d | 
#=#=#=# Syncrun finished 2025-08-08T07:48:38Z (last step: 14 msec , total: 114 msec) 
#=#=#=# Syncrun started 2025-08-08T08:02:59Z
#=#=#=#=# Propagation starts 2025-08-08T08:02:59Z (last step: 87 msec , total: 87 msec) 
2025-08-08T08:02:59+00:00 | pom.xml | CSyncEnums::CSYNC_INSTRUCTION_NEW | OCC::SyncFileItem::Up | | 1754622219 |  | 5666 |  | OCC::SyncFileItem::BlacklistedError | 서버 응답: "500 Internal Server Error" - "PUT http://222.119.100.81/owncloud/remote.php/dav/files/asdf/springboot/pom.xml" | 500 | 0 | 0 | 9f547902-2956-43f2-b363-95edc47f1a32 | 
2025-08-08T08:02:59+00:00 | target/classes/application-test.properties | CSyncEnums::CSYNC_INSTRUCTION_REMOVE | OCC::SyncFileItem::Up | | 1754623528 | 0a15d3ad18e9e8451ebd35d946660ddc | 215 | 00282886oci0n6765fou | OCC::SyncFileItem::Success |  | 204 | 215 | 1754623528 | 245afe09-9fb9-4760-a501-9f6af894f63e | 
2025-08-08T08:02:59+00:00 | target/classes/com/codehows/shop/controller/MemberController.class | CSyncEnums::CSYNC_INSTRUCTION_REMOVE | OCC::SyncFileItem::Up | | 1754637734 | 1bc10908e754f836b55b6872bc032eac | 2939 | 00282871oci0n6765fou | OCC::SyncFileItem::Success |  | 204 | 2939 | 1754637734 | a7c4b8cc-4386-44fd-bf9d-fc113d05b959 | 
2025-08-08T08:02:59+00:00 | target/classes/application.properties | CSyncEnums::CSYNC_INSTRUCTION_REMOVE | OCC::SyncFileItem::Up | | 1754623528 | 4fa8fd1f7bd32b8da621d69d21e30f29 | 510 | 00282888oci0n6765fou | OCC::SyncFileItem::Success |  | 204 | 510 | 1754623528 | 72ea432d-b675-434e-9c64-6a5044a92a6d | 
2025-08-08T08:02:59+00:00 | target/classes/application-dev.properties | CSyncEnums::CSYNC_INSTRUCTION_REMOVE | OCC::SyncFileItem::Up | | 1754630935 | ebe0f5f4289602c8aafc4825a6d30493 | 110 | 00282792oci0n6765fou | OCC::SyncFileItem::Success |  | 204 | 110 | 1754630935 | 03e4f5ae-2982-413c-b976-1009e3671a9d | 
2025-08-08T08:02:59+00:00 | target/classes/static | CSyncEnums::CSYNC_INSTRUCTION_REMOVE | OCC::SyncFileItem::Up | | 1754639269 | 6895aba652a17 | 0 | 00282788oci0n6765fou | OCC::SyncFileItem::NormalError | 서버 응답: "500 Internal Server Error" - "DELETE http://222.119.100.81/owncloud/remote.php/dav/files/asdf/springboot/target/classes/static" | 500 | 0 | 1754639269 | 6f96eeeb-2179-4565-a31e-59fe18c86854 | 
2025-08-08T08:02:59+00:00 | target/classes/templates | CSyncEnums::CSYNC_INSTRUCTION_REMOVE | OCC::SyncFileItem::Up | | 1754639274 | 6895abab23a27 | 0 | 00282793oci0n6765fou | OCC::SyncFileItem::Success |  | 204 | 0 | 1754639274 | ae6f7853-894d-4e03-ad2a-d92645f17373 | 
#=#=#=# Syncrun finished 2025-08-08T08:02:59Z (last step: 460 msec , total: 547 msec) 
#=#=#=# Syncrun started 2025-08-08T08:03:01Z
#=#=#=#=# Propagation starts 2025-08-08T08:03:02Z (last step: 287 msec , total: 287 msec) 
2025-08-08T08:03:02+00:00 | target/classes/static/css | CSyncEnums::CSYNC_INSTRUCTION_REMOVE | OCC::SyncFileItem::Up | | 1754639270 | 6895aba652a17 | 0 | 00282794oci0n6765fou | OCC::SyncFileItem::NormalError | 서버 응답: "403 Forbidden" - "DELETE http://222.119.100.81/owncloud/remote.php/dav/files/asdf/springboot/target/classes/static/css" | 403 | 0 | 1754639270 | ec98b9a2-1c0c-4c6d-b7c5-79ddeb95cc42 | 
#=#=#=# Syncrun finished 2025-08-08T08:03:02Z (last step: 79 msec , total: 366 msec) 
#=#=#=# Syncrun started 2025-08-08T08:03:04Z
#=#=#=#=# Propagation starts 2025-08-08T08:03:04Z (last step: 182 msec , total: 182 msec) 
2025-08-08T08:03:04+00:00 | target/classes/static | CSyncEnums::CSYNC_INSTRUCTION_REMOVE | OCC::SyncFileItem::Up | | 1754640182 | 6895af3665749 | 0 | 00282788oci0n6765fou | OCC::SyncFileItem::BlacklistedError | 서버 응답: "403 Forbidden" - "DELETE http://222.119.100.81/owncloud/remote.php/dav/files/asdf/springboot/target/classes/static" | 403 | 0 | 1754639269 | 007fbd9c-167a-4169-991a-77b87ef43ca6 | 
#=#=#=# Syncrun finished 2025-08-08T08:03:04Z (last step: 48 msec , total: 230 msec) 
#=#=#=# Syncrun started 2025-08-08T08:03:04Z
#=#=#=#=# Propagation starts 2025-08-08T08:03:04Z (last step: 162 msec , total: 162 msec) 
#=#=#=# Syncrun finished 2025-08-08T08:03:04Z (last step: 3 msec , total: 166 msec) 
#=#=#=# Syncrun started 2025-08-08T08:03:06Z
#=#=#=#=# Propagation starts 2025-08-08T08:03:06Z (last step: 118 msec , total: 118 msec) 
#=#=#=# Syncrun finished 2025-08-08T08:03:06Z (last step: 3 msec , total: 121 msec) 
#=#=#=# Syncrun started 2025-08-08T08:03:38Z
#=#=#=#=# Propagation starts 2025-08-08T08:03:38Z (last step: 93 msec , total: 93 msec) 
#=#=#=# Syncrun finished 2025-08-08T08:03:38Z (last step: 2 msec , total: 95 msec) 
#=#=#=# Syncrun started 2025-08-08T08:05:09Z
#=#=#=#=# Propagation starts 2025-08-08T08:05:09Z (last step: 88 msec , total: 88 msec) 
2025-08-08T08:05:09+00:00 | src/main/java/com/codehows/shop/controller/MemberController.java | CSyncEnums::CSYNC_INSTRUCTION_SYNC | OCC::SyncFileItem::Up | | 1754640303 | 857bdc7bea2c97308a610dc4325bf34d | 1856 | 00282827oci0n6765fou | OCC::SyncFileItem::Success |  | 204 | 1911 | 1754639180 | 3fd1755a-b9c4-4a2b-a271-57ea296e7ea2 | 
2025-08-08T08:05:09+00:00 | src/main/resources/templates/layouts/layout1.html | CSyncEnums::CSYNC_INSTRUCTION_SYNC | OCC::SyncFileItem::Up | | 1754640303 | de3086f8be852e8a8ada6f443f23d84a | 981 | 00282838oci0n6765fou | OCC::SyncFileItem::Success |  | 204 | 979 | 1754618528 | e26fe61d-d978-481f-aae4-db679ce450d6 | 
#=#=#=# Syncrun finished 2025-08-08T08:05:09Z (last step: 340 msec , total: 429 msec) 
#=#=#=# Syncrun started 2025-08-08T08:05:38Z
#=#=#=#=# Propagation starts 2025-08-08T08:05:38Z (last step: 361 msec , total: 361 msec) 
#=#=#=# Syncrun finished 2025-08-08T08:05:38Z (last step: 14 msec , total: 376 msec) 
